2021-06-10 10:30:07[INFO]:直播间【21263282】 早起傻一天
2021-06-10 10:30:08[INFO]:直播间【21263282】 √ 正在录制...
2021-06-10 10:31:08[INFO]:直播间【21263282】 √ 正在录制...
2021-06-10 10:32:08[INFO]:直播间【21263282】 √ 正在录制...
2021-06-10 10:33:09[INFO]:直播间【21263282】 √ 正在录制...
2021-06-10 10:34:09[INFO]:直播间【21263282】 √ 正在录制...
2021-06-10 10:35:10[INFO]:直播间【21263282】 √ 正在录制...
2021-06-10 10:36:10[INFO]:直播间【21263282】 √ 正在录制...
2021-06-10 10:37:10[INFO]:直播间【21263282】 √ 正在录制...
2021-06-10 10:38:10[INFO]:直播间【21263282】 √ 正在录制...
2021-06-10 10:39:11[INFO]:直播间【21263282】 √ 正在录制...
2021-06-10 10:40:11[ERROR]:直播间【21263282】 HTTPSConnectionPool(host='api.live.bilibili.com', port=443): Max retries exceeded with url: /room/v1/Room/get_info?room_id=21263282 (Caused by SSLError(SSLEOFError(8, 'EOF occurred in violation of protocol (_ssl.c:1123)')))
2021-06-10 10:41:11[ERROR]:直播间【21263282】 HTTPSConnectionPool(host='api.live.bilibili.com', port=443): Max retries exceeded with url: /room/v1/Room/get_info?room_id=21263282 (Caused by SSLError(SSLEOFError(8, 'EOF occurred in violation of protocol (_ssl.c:1123)')))
2021-06-10 10:42:11[ERROR]:直播间【21263282】 HTTPSConnectionPool(host='api.live.bilibili.com', port=443): Max retries exceeded with url: /room/v1/Room/get_info?room_id=21263282 (Caused by SSLError(SSLEOFError(8, 'EOF occurred in violation of protocol (_ssl.c:1123)')))
2021-06-10 10:43:11[ERROR]:直播间【21263282】 HTTPSConnectionPool(host='api.live.bilibili.com', port=443): Max retries exceeded with url: /room/v1/Room/get_info?room_id=21263282 (Caused by SSLError(SSLEOFError(8, 'EOF occurred in violation of protocol (_ssl.c:1123)')))
2021-06-10 10:44:11[ERROR]:直播间【21263282】 HTTPSConnectionPool(host='api.live.bilibili.com', port=443): Max retries exceeded with url: /room/v1/Room/get_info?room_id=21263282 (Caused by SSLError(SSLEOFError(8, 'EOF occurred in violation of protocol (_ssl.c:1123)')))
2021-06-10 10:45:11[ERROR]:直播间【21263282】 HTTPSConnectionPool(host='api.live.bilibili.com', port=443): Max retries exceeded with url: /room/v1/Room/get_info?room_id=21263282 (Caused by SSLError(SSLEOFError(8, 'EOF occurred in violation of protocol (_ssl.c:1123)')))
2021-06-10 10:46:11[ERROR]:直播间【21263282】 HTTPSConnectionPool(host='api.live.bilibili.com', port=443): Max retries exceeded with url: /room/v1/Room/get_info?room_id=21263282 (Caused by SSLError(SSLEOFError(8, 'EOF occurred in violation of protocol (_ssl.c:1123)')))
2021-06-10 10:47:11[ERROR]:直播间【21263282】 HTTPSConnectionPool(host='api.live.bilibili.com', port=443): Max retries exceeded with url: /room/v1/Room/get_info?room_id=21263282 (Caused by SSLError(SSLEOFError(8, 'EOF occurred in violation of protocol (_ssl.c:1123)')))
2021-06-10 10:48:11[ERROR]:直播间【21263282】 HTTPSConnectionPool(host='api.live.bilibili.com', port=443): Max retries exceeded with url: /room/v1/Room/get_info?room_id=21263282 (Caused by SSLError(SSLEOFError(8, 'EOF occurred in violation of protocol (_ssl.c:1123)')))
2021-06-10 10:49:11[ERROR]:直播间【21263282】 HTTPSConnectionPool(host='api.live.bilibili.com', port=443): Max retries exceeded with url: /room/v1/Room/get_info?room_id=21263282 (Caused by SSLError(SSLEOFError(8, 'EOF occurred in violation of protocol (_ssl.c:1123)')))
2021-06-10 10:50:11[ERROR]:直播间【21263282】 HTTPSConnectionPool(host='api.live.bilibili.com', port=443): Max retries exceeded with url: /room/v1/Room/get_info?room_id=21263282 (Caused by SSLError(SSLEOFError(8, 'EOF occurred in violation of protocol (_ssl.c:1123)')))
2021-06-10 10:51:11[ERROR]:直播间【21263282】 HTTPSConnectionPool(host='api.live.bilibili.com', port=443): Max retries exceeded with url: /room/v1/Room/get_info?room_id=21263282 (Caused by SSLError(SSLEOFError(8, 'EOF occurred in violation of protocol (_ssl.c:1123)')))
2021-06-10 10:52:11[ERROR]:直播间【21263282】 HTTPSConnectionPool(host='api.live.bilibili.com', port=443): Max retries exceeded with url: /room/v1/Room/get_info?room_id=21263282 (Caused by SSLError(SSLEOFError(8, 'EOF occurred in violation of protocol (_ssl.c:1123)')))
2021-06-10 10:53:11[ERROR]:直播间【21263282】 HTTPSConnectionPool(host='api.live.bilibili.com', port=443): Max retries exceeded with url: /room/v1/Room/get_info?room_id=21263282 (Caused by SSLError(SSLEOFError(8, 'EOF occurred in violation of protocol (_ssl.c:1123)')))
2021-06-10 10:54:11[ERROR]:直播间【21263282】 HTTPSConnectionPool(host='api.live.bilibili.com', port=443): Max retries exceeded with url: /room/v1/Room/get_info?room_id=21263282 (Caused by SSLError(SSLEOFError(8, 'EOF occurred in violation of protocol (_ssl.c:1123)')))
2021-06-10 10:55:11[ERROR]:直播间【21263282】 HTTPSConnectionPool(host='api.live.bilibili.com', port=443): Max retries exceeded with url: /room/v1/Room/get_info?room_id=21263282 (Caused by SSLError(SSLEOFError(8, 'EOF occurred in violation of protocol (_ssl.c:1123)')))
2021-06-10 10:56:11[ERROR]:直播间【21263282】 HTTPSConnectionPool(host='api.live.bilibili.com', port=443): Max retries exceeded with url: /room/v1/Room/get_info?room_id=21263282 (Caused by SSLError(SSLEOFError(8, 'EOF occurred in violation of protocol (_ssl.c:1123)')))
2021-06-10 10:57:11[ERROR]:直播间【21263282】 HTTPSConnectionPool(host='api.live.bilibili.com', port=443): Max retries exceeded with url: /room/v1/Room/get_info?room_id=21263282 (Caused by SSLError(SSLEOFError(8, 'EOF occurred in violation of protocol (_ssl.c:1123)')))
2021-06-10 10:58:11[ERROR]:直播间【21263282】 HTTPSConnectionPool(host='api.live.bilibili.com', port=443): Max retries exceeded with url: /room/v1/Room/get_info?room_id=21263282 (Caused by SSLError(SSLEOFError(8, 'EOF occurred in violation of protocol (_ssl.c:1123)')))
2021-06-10 10:59:11[ERROR]:直播间【21263282】 HTTPSConnectionPool(host='api.live.bilibili.com', port=443): Max retries exceeded with url: /room/v1/Room/get_info?room_id=21263282 (Caused by SSLError(SSLEOFError(8, 'EOF occurred in violation of protocol (_ssl.c:1123)')))
2021-06-10 11:00:12[INFO]:直播间【21263282】 √ 正在录制...
2021-06-10 11:01:12[INFO]:直播间【21263282】 √ 正在录制...
2021-06-10 11:02:12[INFO]:直播间【21263282】 √ 正在录制...
2021-06-10 11:03:13[INFO]:直播间【21263282】 √ 正在录制...
2021-06-10 11:04:13[INFO]:直播间【21263282】 √ 正在录制...
2021-06-10 11:05:13[INFO]:直播间【21263282】 √ 正在录制...
2021-06-10 11:06:14[INFO]:直播间【21263282】 √ 正在录制...
2021-06-10 11:07:14[INFO]:直播间【21263282】 √ 正在录制...
2021-06-10 11:08:14[INFO]:直播间【21263282】 √ 正在录制...
2021-06-10 11:09:14[INFO]:直播间【21263282】 √ 正在录制...
2021-06-10 11:10:14[INFO]:直播间【21263282】 √ 正在录制...
2021-06-10 11:11:15[INFO]:直播间【21263282】 √ 正在录制...
2021-06-10 11:12:15[INFO]:直播间【21263282】 √ 正在录制...
2021-06-10 11:13:15[INFO]:直播间【21263282】 √ 正在录制...
2021-06-10 11:14:16[INFO]:直播间【21263282】 √ 正在录制...
2021-06-10 11:15:16[INFO]:直播间【21263282】 √ 正在录制...
2021-06-10 11:16:16[INFO]:直播间【21263282】 √ 正在录制...
2021-06-10 11:17:16[INFO]:直播间【21263282】 √ 正在录制...
2021-06-10 11:18:16[INFO]:直播间【21263282】 √ 正在录制...
2021-06-10 11:19:16[INFO]:直播间【21263282】 √ 正在录制...
2021-06-10 11:20:17[INFO]:直播间【21263282】 √ 正在录制...
2021-06-10 11:21:17[INFO]:直播间【21263282】 √ 正在录制...
2021-06-11 13:33:59[INFO]:直播间【13355】 APEX!
2021-06-11 13:33:59[INFO]:直播间【13355】 √ 正在录制...
2021-06-11 17:28:05[INFO]:直播间【13355】 APEX!
2021-06-11 17:28:05[INFO]:直播间【13355】 √ 正在录制...
2021-06-11 17:30:02[INFO]:直播间【13355】 APEX!
2021-06-11 17:30:02[INFO]:直播间【13355】 √ 正在录制...
2021-06-11 17:33:49[INFO]:直播间【22047448】 等待开播
2021-06-11 17:33:49[ERROR]:直播间【22047448】 time.time() takes no arguments (1 given)
2021-06-11 17:33:49[INFO]:直播间【22047448】 等待开播
2021-06-11 17:33:49[ERROR]:直播间【22047448】 time.time() takes no arguments (1 given)
2021-06-11 17:33:50[INFO]:直播间【22047448】 等待开播
2021-06-11 17:33:50[ERROR]:直播间【22047448】 time.time() takes no arguments (1 given)
2021-06-11 17:33:50[INFO]:直播间【22047448】 等待开播
2021-06-11 17:33:50[ERROR]:直播间【22047448】 time.time() takes no arguments (1 given)
2021-06-11 17:33:50[INFO]:直播间【22047448】 等待开播
2021-06-11 17:33:50[ERROR]:直播间【22047448】 time.time() takes no arguments (1 given)
2021-06-11 17:33:50[INFO]:直播间【22047448】 等待开播
2021-06-11 17:33:50[ERROR]:直播间【22047448】 time.time() takes no arguments (1 given)
2021-06-11 17:33:50[INFO]:直播间【22047448】 等待开播
2021-06-11 17:33:50[ERROR]:直播间【22047448】 time.time() takes no arguments (1 given)
2021-06-11 17:33:50[INFO]:直播间【22047448】 等待开播
2021-06-11 17:33:50[ERROR]:直播间【22047448】 time.time() takes no arguments (1 given)
2021-06-11 17:33:51[INFO]:直播间【22047448】 等待开播
2021-06-11 17:33:51[ERROR]:直播间【22047448】 time.time() takes no arguments (1 given)
2021-06-11 17:33:51[INFO]:直播间【22047448】 等待开播
2021-06-11 17:33:51[ERROR]:直播间【22047448】 time.time() takes no arguments (1 given)
2021-06-11 17:33:51[INFO]:直播间【22047448】 等待开播
2021-06-11 17:33:51[ERROR]:直播间【22047448】 time.time() takes no arguments (1 given)
2021-06-11 17:33:51[INFO]:直播间【22047448】 等待开播
2021-06-11 17:33:51[ERROR]:直播间【22047448】 time.time() takes no arguments (1 given)
2021-06-11 17:33:51[INFO]:直播间【22047448】 等待开播
2021-06-11 17:33:51[ERROR]:直播间【22047448】 time.time() takes no arguments (1 given)
2021-06-11 17:33:52[INFO]:直播间【22047448】 等待开播
2021-06-11 17:33:52[ERROR]:直播间【22047448】 time.time() takes no arguments (1 given)
2021-06-11 17:33:52[INFO]:直播间【22047448】 等待开播
2021-06-11 17:33:52[ERROR]:直播间【22047448】 time.time() takes no arguments (1 given)
2021-06-11 17:33:52[INFO]:直播间【22047448】 等待开播
2021-06-11 17:33:52[ERROR]:直播间【22047448】 time.time() takes no arguments (1 given)
2021-06-11 17:33:52[INFO]:直播间【22047448】 等待开播
2021-06-11 17:33:52[ERROR]:直播间【22047448】 time.time() takes no arguments (1 given)
2021-06-11 17:33:52[INFO]:直播间【22047448】 等待开播
2021-06-11 17:33:52[ERROR]:直播间【22047448】 time.time() takes no arguments (1 given)
2021-06-11 17:33:53[INFO]:直播间【22047448】 等待开播
2021-06-11 17:33:53[ERROR]:直播间【22047448】 time.time() takes no arguments (1 given)
2021-06-11 17:33:53[INFO]:直播间【22047448】 等待开播
2021-06-11 17:33:53[ERROR]:直播间【22047448】 time.time() takes no arguments (1 given)
2021-06-11 17:33:53[INFO]:直播间【22047448】 等待开播
2021-06-11 17:33:53[ERROR]:直播间【22047448】 time.time() takes no arguments (1 given)
2021-06-11 17:33:53[INFO]:直播间【22047448】 等待开播
2021-06-11 17:33:53[ERROR]:直播间【22047448】 time.time() takes no arguments (1 given)
2021-06-11 17:33:53[INFO]:直播间【22047448】 等待开播
2021-06-11 17:33:53[ERROR]:直播间【22047448】 time.time() takes no arguments (1 given)
2021-06-11 17:33:54[INFO]:直播间【22047448】 等待开播
2021-06-11 17:33:54[ERROR]:直播间【22047448】 time.time() takes no arguments (1 given)
2021-06-11 17:33:54[INFO]:直播间【22047448】 等待开播
2021-06-11 17:33:54[ERROR]:直播间【22047448】 time.time() takes no arguments (1 given)
2021-06-11 17:33:54[INFO]:直播间【22047448】 等待开播
2021-06-11 17:33:54[ERROR]:直播间【22047448】 time.time() takes no arguments (1 given)
2021-06-11 17:33:54[INFO]:直播间【22047448】 等待开播
2021-06-11 17:33:54[ERROR]:直播间【22047448】 time.time() takes no arguments (1 given)
2021-06-11 17:33:54[INFO]:直播间【22047448】 等待开播
2021-06-11 17:33:54[ERROR]:直播间【22047448】 time.time() takes no arguments (1 given)
2021-06-11 17:33:55[INFO]:直播间【22047448】 等待开播
2021-06-11 17:33:55[ERROR]:直播间【22047448】 time.time() takes no arguments (1 given)
2021-06-11 17:33:55[INFO]:直播间【22047448】 等待开播
2021-06-11 17:33:55[ERROR]:直播间【22047448】 time.time() takes no arguments (1 given)
2021-06-11 17:33:55[INFO]:直播间【22047448】 等待开播
2021-06-11 17:33:55[ERROR]:直播间【22047448】 time.time() takes no arguments (1 given)
2021-06-11 17:33:55[INFO]:直播间【22047448】 等待开播
2021-06-11 17:33:55[ERROR]:直播间【22047448】 time.time() takes no arguments (1 given)
2021-06-11 17:33:55[INFO]:直播间【22047448】 等待开播
2021-06-11 17:33:55[ERROR]:直播间【22047448】 time.time() takes no arguments (1 given)
2021-06-11 17:33:55[INFO]:直播间【22047448】 等待开播
2021-06-11 17:33:55[ERROR]:直播间【22047448】 time.time() takes no arguments (1 given)
2021-06-11 17:33:56[INFO]:直播间【22047448】 等待开播
2021-06-11 17:33:56[ERROR]:直播间【22047448】 time.time() takes no arguments (1 given)
2021-06-11 17:33:56[INFO]:直播间【22047448】 等待开播
2021-06-11 17:33:56[ERROR]:直播间【22047448】 time.time() takes no arguments (1 given)
2021-06-11 17:33:56[INFO]:直播间【22047448】 等待开播
2021-06-11 17:33:56[ERROR]:直播间【22047448】 time.time() takes no arguments (1 given)
2021-06-11 17:33:56[INFO]:直播间【22047448】 等待开播
2021-06-11 17:33:56[ERROR]:直播间【22047448】 time.time() takes no arguments (1 given)
2021-06-11 17:33:56[INFO]:直播间【22047448】 等待开播
2021-06-11 17:33:56[ERROR]:直播间【22047448】 time.time() takes no arguments (1 given)
2021-06-11 17:33:57[INFO]:直播间【22047448】 等待开播
2021-06-11 17:33:57[ERROR]:直播间【22047448】 time.time() takes no arguments (1 given)
2021-06-11 17:33:57[INFO]:直播间【22047448】 等待开播
2021-06-11 17:33:57[ERROR]:直播间【22047448】 time.time() takes no arguments (1 given)
2021-06-11 17:33:57[INFO]:直播间【22047448】 等待开播
2021-06-11 17:33:57[ERROR]:直播间【22047448】 time.time() takes no arguments (1 given)
2021-06-11 17:33:57[INFO]:直播间【22047448】 等待开播
2021-06-11 17:33:57[ERROR]:直播间【22047448】 time.time() takes no arguments (1 given)
2021-06-11 17:33:57[INFO]:直播间【22047448】 等待开播
2021-06-11 17:33:58[ERROR]:直播间【22047448】 time.time() takes no arguments (1 given)
2021-06-11 17:33:58[INFO]:直播间【22047448】 等待开播
2021-06-11 17:33:58[ERROR]:直播间【22047448】 time.time() takes no arguments (1 given)
2021-06-11 17:33:59[INFO]:直播间【22047448】 等待开播
2021-06-11 17:33:59[ERROR]:直播间【22047448】 time.time() takes no arguments (1 given)
2021-06-11 17:33:59[INFO]:直播间【22047448】 等待开播
2021-06-11 17:33:59[ERROR]:直播间【22047448】 time.time() takes no arguments (1 given)
2021-06-11 17:33:59[INFO]:直播间【22047448】 等待开播
2021-06-11 17:33:59[ERROR]:直播间【22047448】 time.time() takes no arguments (1 given)
2021-06-11 17:33:59[INFO]:直播间【22047448】 等待开播
2021-06-11 17:33:59[ERROR]:直播间【22047448】 time.time() takes no arguments (1 given)
2021-06-11 17:34:46[INFO]:直播间【22047448】 等待开播
2021-06-11 17:35:46[INFO]:直播间【22047448】 等待开播
2021-06-11 17:36:46[INFO]:直播间【22047448】 等待开播
2021-06-11 17:38:11[INFO]:直播间【13355】 APEX!
2021-06-11 17:38:11[INFO]:直播间【13355】 √ 正在录制...
2021-06-11 18:54:16[INFO]:直播间【13355】 APEX!
2021-06-11 18:54:16[INFO]:直播间【13355】 √ 正在录制...
2021-06-11 18:56:55[INFO]:直播间【13355】 APEX!
2021-06-11 18:56:55[INFO]:直播间【13355】 √ 正在录制...
2021-06-11 18:58:19[INFO]:直播间【13355】 APEX!
2021-06-11 18:58:19[INFO]:直播间【13355】 √ 正在录制...
2021-06-11 18:59:11[INFO]:直播间【13355】 APEX!
2021-06-11 18:59:12[INFO]:直播间【13355】 √ 正在录制...
